2023-10-23 14:45:45.590 [main] INFO  org.example.Main - START OP: Add
2023-10-23 14:45:45.591 [main] INFO  org.example.Main - END OP: Add
2023-10-23 14:45:45.592 [main] INFO  org.example.Main - START OP: Multiply
2023-10-23 14:45:45.592 [main] INFO  org.example.Main - END OP: Multiply
2023-10-23 14:45:45.592 [main] INFO  org.example.Main - START OP: Subtract
2023-10-23 14:45:45.592 [main] INFO  org.example.Main - END OP: Subtract
2023-10-23 14:45:45.592 [main] INFO  org.example.Main - START OP: Subtract
2023-10-23 14:45:45.593 [main] INFO  org.example.Main - END OP: Subtract
2023-10-23 14:45:45.593 [main] INFO  org.example.Main - START OP: Division
2023-10-23 14:45:45.593 [main] INFO  org.example.Main - END OP: Division
2023-10-23 14:45:45.593 [main] INFO  org.example.Main - START OP: Division
2023-10-23 14:45:45.593 [main] INFO  org.example.Main - END OP: Division
2023-10-23 14:45:45.593 [main] INFO  org.example.Main - START OP: Add
2023-10-23 14:45:45.594 [main] INFO  org.example.Main - END OP: Add
2023-10-23 14:45:45.594 [main] INFO  org.example.Main - START OP: Multiply
2023-10-23 14:45:45.594 [main] INFO  org.example.Main - END OP: Multiply
2023-11-07 11:32:10.208 [main] INFO  org.example.Main - START OP: Add
2023-11-07 11:32:10.209 [main] INFO  org.example.Main - END OP: Add
2023-11-07 11:32:10.210 [main] INFO  org.example.Main - START OP: Multiply
2023-11-07 11:32:10.210 [main] INFO  org.example.Main - END OP: Multiply
2023-11-07 11:32:10.210 [main] INFO  org.example.Main - START OP: Subtract
2023-11-07 11:32:10.210 [main] INFO  org.example.Main - END OP: Subtract
2023-11-07 11:32:10.210 [main] INFO  org.example.Main - START OP: Subtract
2023-11-07 11:32:10.210 [main] INFO  org.example.Main - END OP: Subtract
2023-11-07 11:32:10.210 [main] INFO  org.example.Main - START OP: Division
2023-11-07 11:32:10.211 [main] INFO  org.example.Main - END OP: Division
2023-11-07 11:32:10.211 [main] INFO  org.example.Main - START OP: Division
2023-11-07 11:32:10.211 [main] INFO  org.example.Main - END OP: Division
2023-11-07 11:32:10.211 [main] INFO  org.example.Main - START OP: Add
2023-11-07 11:32:10.211 [main] INFO  org.example.Main - END OP: Add
2023-11-07 11:32:10.211 [main] INFO  org.example.Main - START OP: Multiply
2023-11-07 11:32:10.211 [main] INFO  org.example.Main - END OP: Multiply
